============================================================
Time  2019/11/06 18:47:44 888 
============================================================
[2019/11/06 18:47:44 888] lgi        676  SYS_MSG_LOAD  
[2019/11/06 18:47:44 890] lgi        698  SYS_MSG_REGCB  msp_status_cb  func(300538a0) 
[2019/11/06 18:47:44 890] lgi        292  LGI_MSG_INIT  
[2019/11/06 18:47:44 890] lgi        299  lgi  lgi_  268436457  1537256992  
[2019/11/06 18:47:44 890] lgi        335  lgi params:  appid = 5dbac4db,work_dir = .  
[2019/11/06 18:47:44 891] lgi        349  auth_time_str=  2019/11/06 18:47:44  
[2019/11/06 18:47:44 891] lgi        355  auth_appid=  5dbac4db  
[2019/11/06 18:47:44 892] lgi        380  lgi ivwnet_querying  
[2019/11/06 18:47:44 892] lgi        395  token:  nil  
[2019/11/06 18:47:44 892] lgi        468  msc cver : 5.0.41.1218  
[2019/11/06 18:47:44 893] lgi        511  ns_enable=  1  
[2019/11/06 18:47:44 893] lgi        523  prot_ver=1  
[2019/11/06 18:47:44 893] lgi        534  prot_type=tcp  
[2019/11/06 18:47:44 893] lgi        685  SYS_MSG_UNLOAD  go bg!  
[2019/11/06 18:47:47 723] lgi        689  SYS_MSG_SHUTDOWN  
============================================================
Time  2019/11/06 18:49:37 838 
============================================================
[2019/11/06 18:49:37 838] lgi        676  SYS_MSG_LOAD  
[2019/11/06 18:49:37 839] lgi        698  SYS_MSG_REGCB  msp_status_cb  func(30013aa0) 
[2019/11/06 18:49:37 839] lgi        292  LGI_MSG_INIT  
[2019/11/06 18:49:37 839] lgi        299  lgi  lgi_  268436457  1537256992  
[2019/11/06 18:49:37 839] lgi        335  lgi params:  appid = 5dbac4db,work_dir = .  
[2019/11/06 18:49:37 839] lgi        349  auth_time_str=  2019/11/06 18:49:37  
[2019/11/06 18:49:37 839] lgi        355  auth_appid=  5dbac4db  
[2019/11/06 18:49:37 840] lgi        380  lgi ivwnet_querying  
[2019/11/06 18:49:37 840] lgi        395  token:  nil  
[2019/11/06 18:49:37 840] lgi        468  msc cver : 5.0.41.1218  
[2019/11/06 18:49:37 840] lgi        511  ns_enable=  1  
[2019/11/06 18:49:37 840] lgi        523  prot_ver=1  
[2019/11/06 18:49:37 840] lgi        534  prot_type=tcp  
[2019/11/06 18:49:37 841] lgi        685  SYS_MSG_UNLOAD  go bg!  
[2019/11/06 18:49:42 641] lgi        689  SYS_MSG_SHUTDOWN  
============================================================
Time  2019/11/06 18:50:01 849 
============================================================
[2019/11/06 18:50:01 849] lgi        676  SYS_MSG_LOAD  
[2019/11/06 18:50:01 850] lgi        698  SYS_MSG_REGCB  msp_status_cb  func(f4013aa0) 
[2019/11/06 18:50:01 850] lgi        292  LGI_MSG_INIT  
[2019/11/06 18:50:01 850] lgi        299  lgi  lgi_  268436457  1537256992  
[2019/11/06 18:50:01 850] lgi        335  lgi params:  appid = 5dbac4db,work_dir = .  
[2019/11/06 18:50:01 850] lgi        349  auth_time_str=  2019/11/06 18:50:01  
[2019/11/06 18:50:01 850] lgi        355  auth_appid=  5dbac4db  
[2019/11/06 18:50:01 850] lgi        380  lgi ivwnet_querying  
[2019/11/06 18:50:01 850] lgi        395  token:  nil  
[2019/11/06 18:50:01 850] lgi        468  msc cver : 5.0.41.1218  
[2019/11/06 18:50:01 851] lgi        511  ns_enable=  1  
[2019/11/06 18:50:01 851] lgi        523  prot_ver=1  
[2019/11/06 18:50:01 851] lgi        534  prot_type=tcp  
[2019/11/06 18:50:01 851] lgi        685  SYS_MSG_UNLOAD  go bg!  
============================================================
Time  2019/11/06 18:50:06 402 
============================================================
[2019/11/06 18:50:06 402] lgi        676  SYS_MSG_LOAD  
[2019/11/06 18:50:06 402] lgi        698  SYS_MSG_REGCB  msp_status_cb  func(200538a0) 
[2019/11/06 18:50:06 403] lgi        292  LGI_MSG_INIT  
[2019/11/06 18:50:06 403] lgi        299  lgi  lgi_  268436457  1537256992  
[2019/11/06 18:50:06 403] lgi        335  lgi params:  appid = 5dbac4db,work_dir = .  
[2019/11/06 18:50:06 403] lgi        349  auth_time_str=  2019/11/06 18:50:06  
[2019/11/06 18:50:06 403] lgi        355  auth_appid=  5dbac4db  
[2019/11/06 18:50:06 403] lgi        380  lgi ivwnet_querying  
[2019/11/06 18:50:06 403] lgi        395  token:  nil  
[2019/11/06 18:50:06 403] lgi        468  msc cver : 5.0.41.1218  
[2019/11/06 18:50:06 403] lgi        511  ns_enable=  1  
[2019/11/06 18:50:06 403] lgi        523  prot_ver=1  
[2019/11/06 18:50:06 403] lgi        534  prot_type=tcp  
[2019/11/06 18:50:06 404] lgi        685  SYS_MSG_UNLOAD  go bg!  
[2019/11/06 18:50:10 008] lgi        689  SYS_MSG_SHUTDOWN  
============================================================
Time  2019/11/06 18:51:00 005 
============================================================
[2019/11/06 18:51:00 005] lgi        676  SYS_MSG_LOAD  
[2019/11/06 18:51:00 007] lgi        698  SYS_MSG_REGCB  msp_status_cb  func(180538a0) 
[2019/11/06 18:51:00 008] lgi        292  LGI_MSG_INIT  
[2019/11/06 18:51:00 008] lgi        299  lgi  lgi_  268436457  1537256992  
[2019/11/06 18:51:00 008] lgi        335  lgi params:  appid = 5dbac4db,work_dir = .  
[2019/11/06 18:51:00 008] lgi        349  auth_time_str=  2019/11/06 18:50:59  
[2019/11/06 18:51:00 008] lgi        355  auth_appid=  5dbac4db  
[2019/11/06 18:51:00 009] lgi        380  lgi ivwnet_querying  
[2019/11/06 18:51:00 010] lgi        395  token:  nil  
[2019/11/06 18:51:00 010] lgi        468  msc cver : 5.0.41.1218  
[2019/11/06 18:51:00 010] lgi        511  ns_enable=  1  
[2019/11/06 18:51:00 010] lgi        523  prot_ver=1  
[2019/11/06 18:51:00 010] lgi        534  prot_type=tcp  
[2019/11/06 18:51:00 011] lgi        685  SYS_MSG_UNLOAD  go bg!  
[2019/11/06 18:51:04 065] lgi        689  SYS_MSG_SHUTDOWN  
============================================================
Time  2019/11/06 18:56:11 653 
============================================================
[2019/11/06 18:56:11 653] lgi        676  SYS_MSG_LOAD  
[2019/11/06 18:56:11 655] lgi        698  SYS_MSG_REGCB  msp_status_cb  func(1c053890) 
[2019/11/06 18:56:11 656] lgi        292  LGI_MSG_INIT  
[2019/11/06 18:56:11 656] lgi        299  lgi  lgi_  268436457  1537256992  
[2019/11/06 18:56:11 656] lgi        335  lgi params:  appid = 5dbac4db,work_dir = .  
[2019/11/06 18:56:11 656] lgi        349  auth_time_str=  2019/11/06 18:56:11  
[2019/11/06 18:56:11 656] lgi        355  auth_appid=  5dbac4db  
[2019/11/06 18:56:11 658] lgi        380  lgi ivwnet_querying  
[2019/11/06 18:56:11 658] lgi        395  token:  nil  
[2019/11/06 18:56:11 658] lgi        468  msc cver : 5.0.41.1218  
[2019/11/06 18:56:11 658] lgi        511  ns_enable=  1  
[2019/11/06 18:56:11 658] lgi        523  prot_ver=1  
[2019/11/06 18:56:11 658] lgi        534  prot_type=tcp  
[2019/11/06 18:56:11 659] lgi        685  SYS_MSG_UNLOAD  go bg!  
[2019/11/06 18:56:21 355] lgi        689  SYS_MSG_SHUTDOWN  
