============================================================
Time  2019/11/06 18:47:44 888 
============================================================
[2019/11/06 18:47:44 888] lgi        676  SYS_MSG_LOAD  
[2019/11/06 18:47:44 890] lgi        698  SYS_MSG_REGCB  msp_status_cb  func(300538a0) 
[2019/11/06 18:47:44 890] lgi        292  LGI_MSG_INIT  
[2019/11/06 18:47:44 890] lgi        299  lgi  lgi_  268436457  1537256992  
[2019/11/06 18:47:44 890] lgi        335  lgi params:  appid = 5dbac4db,work_dir = .  
[2019/11/06 18:47:44 891] lgi        349  auth_time_str=  2019/11/06 18:47:44  
[2019/11/06 18:47:44 891] lgi        355  auth_appid=  5dbac4db  
[2019/11/06 18:47:44 892] lgi        380  lgi ivwnet_querying  
[2019/11/06 18:47:44 892] lgi        395  token:  nil  
[2019/11/06 18:47:44 892] lgi        468  msc cver : 5.0.41.1218  
[2019/11/06 18:47:44 893] lgi        511  ns_enable=  1  
[2019/11/06 18:47:44 893] lgi        523  prot_ver=1  
[2019/11/06 18:47:44 893] lgi        534  prot_type=tcp  
[2019/11/06 18:47:44 893] lgi        685  SYS_MSG_UNLOAD  go bg!  
[2019/11/06 18:47:47 723] lgi        689  SYS_MSG_SHUTDOWN  
============================================================
Time  2019/11/06 18:49:37 838 
============================================================
[2019/11/06 18:49:37 838] lgi        676  SYS_MSG_LOAD  
[2019/11/06 18:49:37 839] lgi        698  SYS_MSG_REGCB  msp_status_cb  func(30013aa0) 
[2019/11/06 18:49:37 839] lgi        292  LGI_MSG_INIT  
[2019/11/06 18:49:37 839] lgi        299  lgi  lgi_  268436457  1537256992  
[2019/11/06 18:49:37 839] lgi        335  lgi params:  appid = 5dbac4db,work_dir = .  
[2019/11/06 18:49:37 839] lgi        349  auth_time_str=  2019/11/06 18:49:37  
[2019/11/06 18:49:37 839] lgi        355  auth_appid=  5dbac4db  
[2019/11/06 18:49:37 840] lgi        380  lgi ivwnet_querying  
[2019/11/06 18:49:37 840] lgi        395  token:  nil  
[2019/11/06 18:49:37 840] lgi        468  msc cver : 5.0.41.1218  
[2019/11/06 18:49:37 840] lgi        511  ns_enable=  1  
[2019/11/06 18:49:37 840] lgi        523  prot_ver=1  
[2019/11/06 18:49:37 840] lgi        534  prot_type=tcp  
[2019/11/06 18:49:37 841] lgi        685  SYS_MSG_UNLOAD  go bg!  
[2019/11/06 18:49:42 641] lgi        689  SYS_MSG_SHUTDOWN  
============================================================
Time  2019/11/06 18:50:01 849 
============================================================
[2019/11/06 18:50:01 849] lgi        676  SYS_MSG_LOAD  
[2019/11/06 18:50:01 850] lgi        698  SYS_MSG_REGCB  msp_status_cb  func(f4013aa0) 
[2019/11/06 18:50:01 850] lgi        292  LGI_MSG_INIT  
[2019/11/06 18:50:01 850] lgi        299  lgi  lgi_  268436457  1537256992  
[2019/11/06 18:50:01 850] lgi        335  lgi params:  appid = 5dbac4db,work_dir = .  
[2019/11/06 18:50:01 850] lgi        349  auth_time_str=  2019/11/06 18:50:01  
[2019/11/06 18:50:01 850] lgi        355  auth_appid=  5dbac4db  
[2019/11/06 18:50:01 850] lgi        380  lgi ivwnet_querying  
[2019/11/06 18:50:01 850] lgi        395  token:  nil  
[2019/11/06 18:50:01 850] lgi        468  msc cver : 5.0.41.1218  
[2019/11/06 18:50:01 851] lgi        511  ns_enable=  1  
[2019/11/06 18:50:01 851] lgi        523  prot_ver=1  
[2019/11/06 18:50:01 851] lgi        534  prot_type=tcp  
[2019/11/06 18:50:01 851] lgi        685  SYS_MSG_UNLOAD  go bg!  
============================================================
Time  2019/11/06 18:50:06 402 
============================================================
[2019/11/06 18:50:06 402] lgi        676  SYS_MSG_LOAD  
[2019/11/06 18:50:06 402] lgi        698  SYS_MSG_REGCB  msp_status_cb  func(200538a0) 
[2019/11/06 18:50:06 403] lgi        292  LGI_MSG_INIT  
[2019/11/06 18:50:06 403] lgi        299  lgi  lgi_  268436457  1537256992  
[2019/11/06 18:50:06 403] lgi        335  lgi params:  appid = 5dbac4db,work_dir = .  
[2019/11/06 18:50:06 403] lgi        349  auth_time_str=  2019/11/06 18:50:06  
[2019/11/06 18:50:06 403] lgi        355  auth_appid=  5dbac4db  
[2019/11/06 18:50:06 403] lgi        380  lgi ivwnet_querying  
[2019/11/06 18:50:06 403] lgi        395  token:  nil  
[2019/11/06 18:50:06 403] lgi        468  msc cver : 5.0.41.1218  
[2019/11/06 18:50:06 403] lgi        511  ns_enable=  1  
[2019/11/06 18:50:06 403] lgi        523  prot_ver=1  
[2019/11/06 18:50:06 403] lgi        534  prot_type=tcp  
[2019/11/06 18:50:06 404] lgi        685  SYS_MSG_UNLOAD  go bg!  
[2019/11/06 18:50:10 008] lgi        689  SYS_MSG_SHUTDOWN  
============================================================
Time  2019/11/06 18:51:00 005 
============================================================
[2019/11/06 18:51:00 005] lgi        676  SYS_MSG_LOAD  
[2019/11/06 18:51:00 007] lgi        698  SYS_MSG_REGCB  msp_status_cb  func(180538a0) 
[2019/11/06 18:51:00 008] lgi        292  LGI_MSG_INIT  
[2019/11/06 18:51:00 008] lgi        299  lgi  lgi_  268436457  1537256992  
[2019/11/06 18:51:00 008] lgi        335  lgi params:  appid = 5dbac4db,work_dir = .  
[2019/11/06 18:51:00 008] lgi        349  auth_time_str=  2019/11/06 18:50:59  
[2019/11/06 18:51:00 008] lgi        355  auth_appid=  5dbac4db  
[2019/11/06 18:51:00 009] lgi        380  lgi ivwnet_querying  
[2019/11/06 18:51:00 010] lgi        395  token:  nil  
[2019/11/06 18:51:00 010] lgi        468  msc cver : 5.0.41.1218  
[2019/11/06 18:51:00 010] lgi        511  ns_enable=  1  
[2019/11/06 18:51:00 010] lgi        523  prot_ver=1  
[2019/11/06 18:51:00 010] lgi        534  prot_type=tcp  
[2019/11/06 18:51:00 011] lgi        685  SYS_MSG_UNLOAD  go bg!  
[2019/11/06 18:51:04 065] lgi        689  SYS_MSG_SHUTDOWN  
============================================================
Time  2019/11/06 18:56:11 653 
============================================================
[2019/11/06 18:56:11 653] lgi        676  SYS_MSG_LOAD  
[2019/11/06 18:56:11 655] lgi        698  SYS_MSG_REGCB  msp_status_cb  func(1c053890) 
[2019/11/06 18:56:11 656] lgi        292  LGI_MSG_INIT  
[2019/11/06 18:56:11 656] lgi        299  lgi  lgi_  268436457  1537256992  
[2019/11/06 18:56:11 656] lgi        335  lgi params:  appid = 5dbac4db,work_dir = .  
[2019/11/06 18:56:11 656] lgi        349  auth_time_str=  2019/11/06 18:56:11  
[2019/11/06 18:56:11 656] lgi        355  auth_appid=  5dbac4db  
[2019/11/06 18:56:11 658] lgi        380  lgi ivwnet_querying  
[2019/11/06 18:56:11 658] lgi        395  token:  nil  
[2019/11/06 18:56:11 658] lgi        468  msc cver : 5.0.41.1218  
[2019/11/06 18:56:11 658] lgi        511  ns_enable=  1  
[2019/11/06 18:56:11 658] lgi        523  prot_ver=1  
[2019/11/06 18:56:11 658] lgi        534  prot_type=tcp  
[2019/11/06 18:56:11 659] lgi        685  SYS_MSG_UNLOAD  go bg!  
[2019/11/06 18:56:21 355] lgi        689  SYS_MSG_SHUTDOWN  
============================================================
Time  2019/11/06 19:10:26 882 
============================================================
[2019/11/06 19:10:26 882] lgi        676  SYS_MSG_LOAD  
[2019/11/06 19:10:26 883] lgi        698  SYS_MSG_REGCB  msp_status_cb  func(88013aa0) 
[2019/11/06 19:10:26 883] lgi        292  LGI_MSG_INIT  
[2019/11/06 19:10:26 883] lgi        299  lgi  lgi_  268436457  1537256992  
[2019/11/06 19:10:26 883] lgi        335  lgi params:  appid = 5dbac4db,work_dir = .  
[2019/11/06 19:10:26 883] lgi        349  auth_time_str=  2019/11/06 19:10:26  
[2019/11/06 19:10:26 883] lgi        355  auth_appid=  5dbac4db  
[2019/11/06 19:10:26 884] lgi        380  lgi ivwnet_querying  
[2019/11/06 19:10:26 884] lgi        395  token:  nil  
[2019/11/06 19:10:26 884] lgi        468  msc cver : 5.0.41.1218  
[2019/11/06 19:10:26 884] lgi        511  ns_enable=  1  
[2019/11/06 19:10:26 884] lgi        523  prot_ver=1  
[2019/11/06 19:10:26 884] lgi        534  prot_type=tcp  
[2019/11/06 19:10:26 884] lgi        685  SYS_MSG_UNLOAD  go bg!  
============================================================
Time  2019/11/06 19:43:25 662 
============================================================
[2019/11/06 19:43:25 662] lgi        676  SYS_MSG_LOAD  
[2019/11/06 19:43:25 663] lgi        698  SYS_MSG_REGCB  msp_status_cb  func(c80538a0) 
[2019/11/06 19:43:25 663] lgi        292  LGI_MSG_INIT  
[2019/11/06 19:43:25 663] lgi        299  lgi  lgi_  268436457  1537256992  
[2019/11/06 19:43:25 663] lgi        335  lgi params:  appid = 5dbac4db,work_dir = .  
[2019/11/06 19:43:25 663] lgi        349  auth_time_str=  2019/11/06 19:43:25  
[2019/11/06 19:43:25 663] lgi        355  auth_appid=  5dbac4db  
[2019/11/06 19:43:25 664] lgi        380  lgi ivwnet_querying  
[2019/11/06 19:43:25 664] lgi        395  token:  nil  
[2019/11/06 19:43:25 664] lgi        468  msc cver : 5.0.41.1218  
[2019/11/06 19:43:25 664] lgi        511  ns_enable=  1  
[2019/11/06 19:43:25 664] lgi        523  prot_ver=1  
[2019/11/06 19:43:25 664] lgi        534  prot_type=tcp  
[2019/11/06 19:43:25 664] lgi        685  SYS_MSG_UNLOAD  go bg!  
============================================================
Time  2019/11/06 19:50:38 951 
============================================================
[2019/11/06 19:50:38 951] lgi        676  SYS_MSG_LOAD  
[2019/11/06 19:50:38 952] lgi        698  SYS_MSG_REGCB  msp_status_cb  func(d8013aa0) 
[2019/11/06 19:50:38 952] lgi        292  LGI_MSG_INIT  
[2019/11/06 19:50:38 952] lgi        299  lgi  lgi_  268436457  1537256992  
[2019/11/06 19:50:38 952] lgi        335  lgi params:  appid = 5dbac4db,work_dir = .  
[2019/11/06 19:50:38 952] lgi        349  auth_time_str=  2019/11/06 19:50:38  
[2019/11/06 19:50:38 952] lgi        355  auth_appid=  5dbac4db  
[2019/11/06 19:50:38 953] lgi        380  lgi ivwnet_querying  
[2019/11/06 19:50:38 953] lgi        395  token:  nil  
[2019/11/06 19:50:38 953] lgi        468  msc cver : 5.0.41.1218  
[2019/11/06 19:50:38 953] lgi        511  ns_enable=  1  
[2019/11/06 19:50:38 953] lgi        523  prot_ver=1  
[2019/11/06 19:50:38 953] lgi        534  prot_type=tcp  
[2019/11/06 19:50:38 953] lgi        685  SYS_MSG_UNLOAD  go bg!  
============================================================
Time  2019/11/06 19:50:55 238 
============================================================
[2019/11/06 19:50:55 238] lgi        676  SYS_MSG_LOAD  
[2019/11/06 19:50:55 238] lgi        698  SYS_MSG_REGCB  msp_status_cb  func(24013aa0) 
[2019/11/06 19:50:55 239] lgi        292  LGI_MSG_INIT  
[2019/11/06 19:50:55 239] lgi        299  lgi  lgi_  268436457  1537256992  
[2019/11/06 19:50:55 239] lgi        335  lgi params:  appid = 5dbac4db,work_dir = .  
[2019/11/06 19:50:55 239] lgi        349  auth_time_str=  2019/11/06 19:50:55  
[2019/11/06 19:50:55 239] lgi        355  auth_appid=  5dbac4db  
[2019/11/06 19:50:55 239] lgi        380  lgi ivwnet_querying  
[2019/11/06 19:50:55 239] lgi        395  token:  nil  
[2019/11/06 19:50:55 240] lgi        468  msc cver : 5.0.41.1218  
[2019/11/06 19:50:55 240] lgi        511  ns_enable=  1  
[2019/11/06 19:50:55 240] lgi        523  prot_ver=1  
[2019/11/06 19:50:55 240] lgi        534  prot_type=tcp  
[2019/11/06 19:50:55 240] lgi        685  SYS_MSG_UNLOAD  go bg!  
============================================================
Time  2019/11/06 19:51:01 289 
============================================================
[2019/11/06 19:51:01 289] lgi        676  SYS_MSG_LOAD  
[2019/11/06 19:51:01 290] lgi        698  SYS_MSG_REGCB  msp_status_cb  func(40013aa0) 
[2019/11/06 19:51:01 290] lgi        292  LGI_MSG_INIT  
[2019/11/06 19:51:01 290] lgi        299  lgi  lgi_  268436457  1537256992  
[2019/11/06 19:51:01 290] lgi        335  lgi params:  appid = 5dbac4db,work_dir = .  
[2019/11/06 19:51:01 290] lgi        349  auth_time_str=  2019/11/06 19:51:01  
[2019/11/06 19:51:01 290] lgi        355  auth_appid=  5dbac4db  
[2019/11/06 19:51:01 291] lgi        380  lgi ivwnet_querying  
[2019/11/06 19:51:01 291] lgi        395  token:  nil  
[2019/11/06 19:51:01 291] lgi        468  msc cver : 5.0.41.1218  
[2019/11/06 19:51:01 291] lgi        511  ns_enable=  1  
[2019/11/06 19:51:01 291] lgi        523  prot_ver=1  
[2019/11/06 19:51:01 291] lgi        534  prot_type=tcp  
[2019/11/06 19:51:01 292] lgi        685  SYS_MSG_UNLOAD  go bg!  
============================================================
Time  2019/11/06 19:51:34 900 
============================================================
[2019/11/06 19:51:34 900] lgi        676  SYS_MSG_LOAD  
[2019/11/06 19:51:34 901] lgi        698  SYS_MSG_REGCB  msp_status_cb  func(10013aa0) 
[2019/11/06 19:51:34 901] lgi        292  LGI_MSG_INIT  
[2019/11/06 19:51:34 901] lgi        299  lgi  lgi_  268436457  1537256992  
[2019/11/06 19:51:34 901] lgi        335  lgi params:  appid = 5dbac4db,work_dir = .  
[2019/11/06 19:51:34 901] lgi        349  auth_time_str=  2019/11/06 19:51:34  
[2019/11/06 19:51:34 901] lgi        355  auth_appid=  5dbac4db  
[2019/11/06 19:51:34 902] lgi        380  lgi ivwnet_querying  
[2019/11/06 19:51:34 902] lgi        395  token:  nil  
[2019/11/06 19:51:34 902] lgi        468  msc cver : 5.0.41.1218  
[2019/11/06 19:51:34 902] lgi        511  ns_enable=  1  
[2019/11/06 19:51:34 902] lgi        523  prot_ver=1  
[2019/11/06 19:51:34 902] lgi        534  prot_type=tcp  
[2019/11/06 19:51:34 902] lgi        685  SYS_MSG_UNLOAD  go bg!  
============================================================
Time  2019/11/06 20:15:46 629 
============================================================
[2019/11/06 20:15:46 629] lgi        676  SYS_MSG_LOAD  
[2019/11/06 20:15:46 632] lgi        698  SYS_MSG_REGCB  msp_status_cb  func(9c0538a0) 
[2019/11/06 20:15:46 632] lgi        292  LGI_MSG_INIT  
[2019/11/06 20:15:46 633] lgi        299  lgi  lgi_  268436457  1537256992  
[2019/11/06 20:15:46 633] lgi        335  lgi params:  appid = 5dbac4db,work_dir = .  
[2019/11/06 20:15:46 633] lgi        349  auth_time_str=  2019/11/06 20:15:46  
[2019/11/06 20:15:46 633] lgi        355  auth_appid=  5dbac4db  
[2019/11/06 20:15:46 636] lgi        380  lgi ivwnet_querying  
[2019/11/06 20:15:46 636] lgi        395  token:  nil  
[2019/11/06 20:15:46 636] lgi        468  msc cver : 5.0.41.1218  
[2019/11/06 20:15:46 636] lgi        511  ns_enable=  1  
[2019/11/06 20:15:46 636] lgi        523  prot_ver=1  
[2019/11/06 20:15:46 636] lgi        534  prot_type=tcp  
[2019/11/06 20:15:46 637] lgi        685  SYS_MSG_UNLOAD  go bg!  
============================================================
Time  2019/11/06 20:16:10 245 
============================================================
[2019/11/06 20:16:10 245] lgi        676  SYS_MSG_LOAD  
[2019/11/06 20:16:10 248] lgi        698  SYS_MSG_REGCB  msp_status_cb  func(38013aa0) 
[2019/11/06 20:16:10 248] lgi        292  LGI_MSG_INIT  
[2019/11/06 20:16:10 248] lgi        299  lgi  lgi_  268436457  1537256992  
[2019/11/06 20:16:10 248] lgi        335  lgi params:  appid = 5dbac4db,work_dir = .  
[2019/11/06 20:16:10 249] lgi        349  auth_time_str=  2019/11/06 20:16:10  
[2019/11/06 20:16:10 249] lgi        355  auth_appid=  5dbac4db  
[2019/11/06 20:16:10 250] lgi        380  lgi ivwnet_querying  
[2019/11/06 20:16:10 251] lgi        395  token:  nil  
[2019/11/06 20:16:10 251] lgi        468  msc cver : 5.0.41.1218  
[2019/11/06 20:16:10 251] lgi        511  ns_enable=  1  
[2019/11/06 20:16:10 251] lgi        523  prot_ver=1  
[2019/11/06 20:16:10 251] lgi        534  prot_type=tcp  
[2019/11/06 20:16:10 253] lgi        685  SYS_MSG_UNLOAD  go bg!  
============================================================
Time  2019/11/06 20:16:15 214 
============================================================
[2019/11/06 20:16:15 214] lgi        676  SYS_MSG_LOAD  
[2019/11/06 20:16:15 217] lgi        698  SYS_MSG_REGCB  msp_status_cb  func(fc013aa0) 
[2019/11/06 20:16:15 217] lgi        292  LGI_MSG_INIT  
[2019/11/06 20:16:15 217] lgi        299  lgi  lgi_  268436457  1537256992  
[2019/11/06 20:16:15 217] lgi        335  lgi params:  appid = 5dbac4db,work_dir = .  
[2019/11/06 20:16:15 217] lgi        349  auth_time_str=  2019/11/06 20:16:15  
[2019/11/06 20:16:15 218] lgi        355  auth_appid=  5dbac4db  
[2019/11/06 20:16:15 219] lgi        380  lgi ivwnet_querying  
[2019/11/06 20:16:15 219] lgi        395  token:  nil  
[2019/11/06 20:16:15 219] lgi        468  msc cver : 5.0.41.1218  
[2019/11/06 20:16:15 219] lgi        511  ns_enable=  1  
[2019/11/06 20:16:15 219] lgi        523  prot_ver=1  
[2019/11/06 20:16:15 219] lgi        534  prot_type=tcp  
[2019/11/06 20:16:15 220] lgi        685  SYS_MSG_UNLOAD  go bg!  
============================================================
Time  2019/11/06 20:18:10 913 
============================================================
[2019/11/06 20:18:10 913] lgi        676  SYS_MSG_LOAD  
[2019/11/06 20:18:10 913] lgi        698  SYS_MSG_REGCB  msp_status_cb  func(28053880) 
[2019/11/06 20:18:10 913] lgi        292  LGI_MSG_INIT  
[2019/11/06 20:18:10 913] lgi        299  lgi  lgi_  268436457  1537256992  
[2019/11/06 20:18:10 913] lgi        335  lgi params:  appid = 5dbac4db,work_dir = .  
[2019/11/06 20:18:10 914] lgi        349  auth_time_str=  2019/11/06 20:18:10  
[2019/11/06 20:18:10 914] lgi        355  auth_appid=  5dbac4db  
[2019/11/06 20:18:10 914] lgi        380  lgi ivwnet_querying  
[2019/11/06 20:18:10 914] lgi        395  token:  nil  
[2019/11/06 20:18:10 914] lgi        468  msc cver : 5.0.41.1218  
[2019/11/06 20:18:10 914] lgi        511  ns_enable=  1  
[2019/11/06 20:18:10 914] lgi        523  prot_ver=1  
[2019/11/06 20:18:10 914] lgi        534  prot_type=tcp  
[2019/11/06 20:18:10 915] lgi        685  SYS_MSG_UNLOAD  go bg!  
============================================================
Time  2019/11/06 20:18:14 616 
============================================================
[2019/11/06 20:18:14 616] lgi        676  SYS_MSG_LOAD  
[2019/11/06 20:18:14 617] lgi        698  SYS_MSG_REGCB  msp_status_cb  func(54013aa0) 
[2019/11/06 20:18:14 617] lgi        292  LGI_MSG_INIT  
[2019/11/06 20:18:14 617] lgi        299  lgi  lgi_  268436457  1537256992  
[2019/11/06 20:18:14 617] lgi        335  lgi params:  appid = 5dbac4db,work_dir = .  
[2019/11/06 20:18:14 618] lgi        349  auth_time_str=  2019/11/06 20:18:14  
[2019/11/06 20:18:14 618] lgi        355  auth_appid=  5dbac4db  
[2019/11/06 20:18:14 618] lgi        380  lgi ivwnet_querying  
[2019/11/06 20:18:14 618] lgi        395  token:  nil  
[2019/11/06 20:18:14 618] lgi        468  msc cver : 5.0.41.1218  
[2019/11/06 20:18:14 618] lgi        511  ns_enable=  1  
[2019/11/06 20:18:14 618] lgi        523  prot_ver=1  
[2019/11/06 20:18:14 618] lgi        534  prot_type=tcp  
[2019/11/06 20:18:14 619] lgi        685  SYS_MSG_UNLOAD  go bg!  
============================================================
Time  2019/11/06 20:19:06 806 
============================================================
[2019/11/06 20:19:06 806] lgi        676  SYS_MSG_LOAD  
[2019/11/06 20:19:06 806] lgi        698  SYS_MSG_REGCB  msp_status_cb  func(b4013aa0) 
[2019/11/06 20:19:06 807] lgi        292  LGI_MSG_INIT  
[2019/11/06 20:19:06 807] lgi        299  lgi  lgi_  268436457  1537256992  
[2019/11/06 20:19:06 807] lgi        335  lgi params:  appid = 5dbac4db,work_dir = .  
[2019/11/06 20:19:06 807] lgi        349  auth_time_str=  2019/11/06 20:19:06  
[2019/11/06 20:19:06 807] lgi        355  auth_appid=  5dbac4db  
[2019/11/06 20:19:06 808] lgi        380  lgi ivwnet_querying  
[2019/11/06 20:19:06 808] lgi        395  token:  nil  
[2019/11/06 20:19:06 808] lgi        468  msc cver : 5.0.41.1218  
[2019/11/06 20:19:06 808] lgi        511  ns_enable=  1  
[2019/11/06 20:19:06 808] lgi        523  prot_ver=1  
[2019/11/06 20:19:06 808] lgi        534  prot_type=tcp  
[2019/11/06 20:19:06 808] lgi        685  SYS_MSG_UNLOAD  go bg!  
============================================================
Time  2019/11/06 20:19:42 728 
============================================================
[2019/11/06 20:19:42 728] lgi        676  SYS_MSG_LOAD  
[2019/11/06 20:19:42 728] lgi        698  SYS_MSG_REGCB  msp_status_cb  func(14053890) 
[2019/11/06 20:19:42 729] lgi        292  LGI_MSG_INIT  
[2019/11/06 20:19:42 729] lgi        299  lgi  lgi_  268436457  1537256992  
[2019/11/06 20:19:42 729] lgi        335  lgi params:  appid = 5dbac4db,work_dir = .  
[2019/11/06 20:19:42 729] lgi        349  auth_time_str=  2019/11/06 20:19:42  
[2019/11/06 20:19:42 729] lgi        355  auth_appid=  5dbac4db  
[2019/11/06 20:19:42 729] lgi        380  lgi ivwnet_querying  
[2019/11/06 20:19:42 729] lgi        395  token:  nil  
[2019/11/06 20:19:42 729] lgi        468  msc cver : 5.0.41.1218  
[2019/11/06 20:19:42 729] lgi        511  ns_enable=  1  
[2019/11/06 20:19:42 729] lgi        523  prot_ver=1  
[2019/11/06 20:19:42 729] lgi        534  prot_type=tcp  
[2019/11/06 20:19:42 730] lgi        685  SYS_MSG_UNLOAD  go bg!  
============================================================
Time  2019/11/06 20:24:31 216 
============================================================
[2019/11/06 20:24:31 216] lgi        676  SYS_MSG_LOAD  
[2019/11/06 20:24:31 216] lgi        698  SYS_MSG_REGCB  msp_status_cb  func(2c0538a0) 
[2019/11/06 20:24:31 217] lgi        292  LGI_MSG_INIT  
[2019/11/06 20:24:31 217] lgi        299  lgi  lgi_  268436457  1537256992  
[2019/11/06 20:24:31 217] lgi        335  lgi params:  appid = 5dbac4db,work_dir = .  
[2019/11/06 20:24:31 217] lgi        349  auth_time_str=  2019/11/06 20:24:31  
[2019/11/06 20:24:31 217] lgi        355  auth_appid=  5dbac4db  
[2019/11/06 20:24:31 217] lgi        380  lgi ivwnet_querying  
[2019/11/06 20:24:31 217] lgi        395  token:  nil  
[2019/11/06 20:24:31 217] lgi        468  msc cver : 5.0.41.1218  
[2019/11/06 20:24:31 218] lgi        511  ns_enable=  1  
[2019/11/06 20:24:31 218] lgi        523  prot_ver=1  
[2019/11/06 20:24:31 218] lgi        534  prot_type=tcp  
[2019/11/06 20:24:31 218] lgi        685  SYS_MSG_UNLOAD  go bg!  
============================================================
Time  2019/11/06 20:36:48 158 
============================================================
[2019/11/06 20:36:48 158] lgi        676  SYS_MSG_LOAD  
[2019/11/06 20:36:48 160] lgi        698  SYS_MSG_REGCB  msp_status_cb  func(d0013aa0) 
[2019/11/06 20:36:48 161] lgi        292  LGI_MSG_INIT  
[2019/11/06 20:36:48 161] lgi        299  lgi  lgi_  268436457  1537256992  
[2019/11/06 20:36:48 161] lgi        335  lgi params:  appid = 5dbac4db,work_dir = .  
[2019/11/06 20:36:48 161] lgi        349  auth_time_str=  2019/11/06 20:36:48  
[2019/11/06 20:36:48 161] lgi        355  auth_appid=  5dbac4db  
[2019/11/06 20:36:48 162] lgi        380  lgi ivwnet_querying  
[2019/11/06 20:36:48 163] lgi        395  token:  nil  
[2019/11/06 20:36:48 163] lgi        468  msc cver : 5.0.41.1218  
[2019/11/06 20:36:48 163] lgi        511  ns_enable=  1  
[2019/11/06 20:36:48 163] lgi        523  prot_ver=1  
[2019/11/06 20:36:48 163] lgi        534  prot_type=tcp  
[2019/11/06 20:36:48 164] lgi        685  SYS_MSG_UNLOAD  go bg!  
============================================================
Time  2019/11/06 20:41:03 164 
============================================================
[2019/11/06 20:41:03 164] lgi        676  SYS_MSG_LOAD  
[2019/11/06 20:41:03 166] lgi        698  SYS_MSG_REGCB  msp_status_cb  func(f8053880) 
[2019/11/06 20:41:03 166] lgi        292  LGI_MSG_INIT  
[2019/11/06 20:41:03 167] lgi        299  lgi  lgi_  268436457  1537256992  
[2019/11/06 20:41:03 167] lgi        335  lgi params:  appid = 5dbac4db,work_dir = .  
[2019/11/06 20:41:03 167] lgi        349  auth_time_str=  2019/11/06 20:41:03  
[2019/11/06 20:41:03 167] lgi        355  auth_appid=  5dbac4db  
[2019/11/06 20:41:03 169] lgi        380  lgi ivwnet_querying  
[2019/11/06 20:41:03 169] lgi        395  token:  nil  
[2019/11/06 20:41:03 170] lgi        468  msc cver : 5.0.41.1218  
[2019/11/06 20:41:03 170] lgi        511  ns_enable=  1  
[2019/11/06 20:41:03 170] lgi        523  prot_ver=1  
[2019/11/06 20:41:03 170] lgi        534  prot_type=tcp  
[2019/11/06 20:41:03 175] lgi        685  SYS_MSG_UNLOAD  go bg!  
============================================================
Time  2019/11/06 20:42:12 598 
============================================================
[2019/11/06 20:42:12 598] lgi        676  SYS_MSG_LOAD  
[2019/11/06 20:42:12 599] lgi        698  SYS_MSG_REGCB  msp_status_cb  func(70013aa0) 
[2019/11/06 20:42:12 599] lgi        292  LGI_MSG_INIT  
[2019/11/06 20:42:12 599] lgi        299  lgi  lgi_  268436457  1537256992  
[2019/11/06 20:42:12 600] lgi        335  lgi params:  appid = 5dbac4db,work_dir = .  
[2019/11/06 20:42:12 600] lgi        349  auth_time_str=  2019/11/06 20:42:12  
[2019/11/06 20:42:12 600] lgi        355  auth_appid=  5dbac4db  
[2019/11/06 20:42:12 600] lgi        380  lgi ivwnet_querying  
[2019/11/06 20:42:12 600] lgi        395  token:  nil  
[2019/11/06 20:42:12 600] lgi        468  msc cver : 5.0.41.1218  
[2019/11/06 20:42:12 601] lgi        511  ns_enable=  1  
[2019/11/06 20:42:12 601] lgi        523  prot_ver=1  
[2019/11/06 20:42:12 601] lgi        534  prot_type=tcp  
[2019/11/06 20:42:12 601] lgi        685  SYS_MSG_UNLOAD  go bg!  
============================================================
Time  2019/11/06 20:42:25 896 
============================================================
[2019/11/06 20:42:25 896] lgi        676  SYS_MSG_LOAD  
[2019/11/06 20:42:25 899] lgi        698  SYS_MSG_REGCB  msp_status_cb  func(a00538a0) 
[2019/11/06 20:42:25 900] lgi        292  LGI_MSG_INIT  
[2019/11/06 20:42:25 900] lgi        299  lgi  lgi_  268436457  1537256992  
[2019/11/06 20:42:25 900] lgi        335  lgi params:  appid = 5dbac4db,work_dir = .  
[2019/11/06 20:42:25 901] lgi        349  auth_time_str=  2019/11/06 20:42:25  
[2019/11/06 20:42:25 901] lgi        355  auth_appid=  5dbac4db  
[2019/11/06 20:42:25 902] lgi        380  lgi ivwnet_querying  
[2019/11/06 20:42:25 902] lgi        395  token:  nil  
[2019/11/06 20:42:25 902] lgi        468  msc cver : 5.0.41.1218  
[2019/11/06 20:42:25 902] lgi        511  ns_enable=  1  
[2019/11/06 20:42:25 903] lgi        523  prot_ver=1  
[2019/11/06 20:42:25 903] lgi        534  prot_type=tcp  
[2019/11/06 20:42:25 903] lgi        685  SYS_MSG_UNLOAD  go bg!  
============================================================
Time  2019/11/06 20:42:30 823 
============================================================
[2019/11/06 20:42:30 823] lgi        676  SYS_MSG_LOAD  
[2019/11/06 20:42:30 826] lgi        698  SYS_MSG_REGCB  msp_status_cb  func(60013aa0) 
[2019/11/06 20:42:30 826] lgi        292  LGI_MSG_INIT  
[2019/11/06 20:42:30 827] lgi        299  lgi  lgi_  268436457  1537256992  
[2019/11/06 20:42:30 827] lgi        335  lgi params:  appid = 5dbac4db,work_dir = .  
[2019/11/06 20:42:30 827] lgi        349  auth_time_str=  2019/11/06 20:42:30  
[2019/11/06 20:42:30 827] lgi        355  auth_appid=  5dbac4db  
[2019/11/06 20:42:30 828] lgi        380  lgi ivwnet_querying  
[2019/11/06 20:42:30 828] lgi        395  token:  nil  
[2019/11/06 20:42:30 828] lgi        468  msc cver : 5.0.41.1218  
[2019/11/06 20:42:30 829] lgi        511  ns_enable=  1  
[2019/11/06 20:42:30 829] lgi        523  prot_ver=1  
[2019/11/06 20:42:30 829] lgi        534  prot_type=tcp  
[2019/11/06 20:42:30 829] lgi        685  SYS_MSG_UNLOAD  go bg!  
============================================================
Time  2019/11/06 20:43:10 477 
============================================================
[2019/11/06 20:43:10 477] lgi        676  SYS_MSG_LOAD  
[2019/11/06 20:43:10 480] lgi        698  SYS_MSG_REGCB  msp_status_cb  func(60053880) 
[2019/11/06 20:43:10 481] lgi        292  LGI_MSG_INIT  
[2019/11/06 20:43:10 481] lgi        299  lgi  lgi_  268436457  1537256992  
[2019/11/06 20:43:10 481] lgi        335  lgi params:  appid = 5dbac4db,work_dir = .  
[2019/11/06 20:43:10 481] lgi        349  auth_time_str=  2019/11/06 20:43:10  
[2019/11/06 20:43:10 482] lgi        355  auth_appid=  5dbac4db  
[2019/11/06 20:43:10 483] lgi        380  lgi ivwnet_querying  
[2019/11/06 20:43:10 484] lgi        395  token:  nil  
[2019/11/06 20:43:10 484] lgi        468  msc cver : 5.0.41.1218  
[2019/11/06 20:43:10 484] lgi        511  ns_enable=  1  
[2019/11/06 20:43:10 484] lgi        523  prot_ver=1  
[2019/11/06 20:43:10 484] lgi        534  prot_type=tcp  
[2019/11/06 20:43:10 485] lgi        685  SYS_MSG_UNLOAD  go bg!  
============================================================
Time  2019/11/06 20:55:28 207 
============================================================
[2019/11/06 20:55:28 207] lgi        676  SYS_MSG_LOAD  
[2019/11/06 20:55:28 209] lgi        698  SYS_MSG_REGCB  msp_status_cb  func(b8013aa0) 
[2019/11/06 20:55:28 209] lgi        292  LGI_MSG_INIT  
[2019/11/06 20:55:28 209] lgi        299  lgi  lgi_  268436457  1537256992  
[2019/11/06 20:55:28 210] lgi        335  lgi params:  appid = 5dbac4db,work_dir = .  
[2019/11/06 20:55:28 210] lgi        349  auth_time_str=  2019/11/06 20:55:28  
[2019/11/06 20:55:28 210] lgi        355  auth_appid=  5dbac4db  
[2019/11/06 20:55:28 211] lgi        380  lgi ivwnet_querying  
[2019/11/06 20:55:28 211] lgi        395  token:  nil  
[2019/11/06 20:55:28 211] lgi        468  msc cver : 5.0.41.1218  
[2019/11/06 20:55:28 211] lgi        511  ns_enable=  1  
[2019/11/06 20:55:28 212] lgi        523  prot_ver=1  
[2019/11/06 20:55:28 212] lgi        534  prot_type=tcp  
[2019/11/06 20:55:28 213] lgi        685  SYS_MSG_UNLOAD  go bg!  
============================================================
Time  2019/11/06 20:56:10 378 
============================================================
[2019/11/06 20:56:10 379] lgi        676  SYS_MSG_LOAD  
[2019/11/06 20:56:10 379] lgi        698  SYS_MSG_REGCB  msp_status_cb  func(48013aa0) 
[2019/11/06 20:56:10 380] lgi        292  LGI_MSG_INIT  
[2019/11/06 20:56:10 380] lgi        299  lgi  lgi_  268436457  1537256992  
[2019/11/06 20:56:10 380] lgi        335  lgi params:  appid = 5dbac4db,work_dir = .  
[2019/11/06 20:56:10 380] lgi        349  auth_time_str=  2019/11/06 20:56:10  
[2019/11/06 20:56:10 380] lgi        355  auth_appid=  5dbac4db  
[2019/11/06 20:56:10 381] lgi        380  lgi ivwnet_querying  
[2019/11/06 20:56:10 381] lgi        395  token:  nil  
[2019/11/06 20:56:10 381] lgi        468  msc cver : 5.0.41.1218  
[2019/11/06 20:56:10 381] lgi        511  ns_enable=  1  
[2019/11/06 20:56:10 381] lgi        523  prot_ver=1  
[2019/11/06 20:56:10 381] lgi        534  prot_type=tcp  
[2019/11/06 20:56:10 381] lgi        685  SYS_MSG_UNLOAD  go bg!  
============================================================
Time  2019/11/06 21:04:48 352 
============================================================
[2019/11/06 21:04:48 352] lgi        676  SYS_MSG_LOAD  
[2019/11/06 21:04:48 353] lgi        698  SYS_MSG_REGCB  msp_status_cb  func(20013aa0) 
[2019/11/06 21:04:48 353] lgi        292  LGI_MSG_INIT  
[2019/11/06 21:04:48 353] lgi        299  lgi  lgi_  268436457  1537256992  
[2019/11/06 21:04:48 353] lgi        335  lgi params:  appid = 5dbac4db,work_dir = .  
[2019/11/06 21:04:48 353] lgi        349  auth_time_str=  2019/11/06 21:04:48  
[2019/11/06 21:04:48 353] lgi        355  auth_appid=  5dbac4db  
[2019/11/06 21:04:48 354] lgi        380  lgi ivwnet_querying  
[2019/11/06 21:04:48 354] lgi        395  token:  nil  
[2019/11/06 21:04:48 354] lgi        468  msc cver : 5.0.41.1218  
[2019/11/06 21:04:48 354] lgi        511  ns_enable=  1  
[2019/11/06 21:04:48 354] lgi        523  prot_ver=1  
[2019/11/06 21:04:48 354] lgi        534  prot_type=tcp  
[2019/11/06 21:04:48 354] lgi        685  SYS_MSG_UNLOAD  go bg!  
============================================================
Time  2019/11/07 20:31:03 340 
============================================================
[2019/11/07 20:31:03 340] lgi        676  SYS_MSG_LOAD  
[2019/11/07 20:31:03 340] lgi        698  SYS_MSG_REGCB  msp_status_cb  func(48013aa0) 
[2019/11/07 20:31:03 340] lgi        292  LGI_MSG_INIT  
[2019/11/07 20:31:03 340] lgi        299  lgi  lgi_  268436457  1537256992  
[2019/11/07 20:31:03 340] lgi        335  lgi params:  appid = 5dbac4db,work_dir = .  
[2019/11/07 20:31:03 341] lgi        349  auth_time_str=  2019/11/07 20:31:03  
[2019/11/07 20:31:03 341] lgi        355  auth_appid=  5dbac4db  
[2019/11/07 20:31:03 341] lgi        380  lgi ivwnet_querying  
[2019/11/07 20:31:03 341] lgi        395  token:  nil  
[2019/11/07 20:31:03 341] lgi        468  msc cver : 5.0.41.1218  
[2019/11/07 20:31:03 341] lgi        511  ns_enable=  1  
[2019/11/07 20:31:03 341] lgi        523  prot_ver=1  
[2019/11/07 20:31:03 341] lgi        534  prot_type=tcp  
[2019/11/07 20:31:03 341] lgi        685  SYS_MSG_UNLOAD  go bg!  
============================================================
Time  2019/11/07 20:37:34 953 
============================================================
[2019/11/07 20:37:34 953] lgi        676  SYS_MSG_LOAD  
[2019/11/07 20:37:34 954] lgi        698  SYS_MSG_REGCB  msp_status_cb  func(800538a0) 
[2019/11/07 20:37:34 954] lgi        292  LGI_MSG_INIT  
[2019/11/07 20:37:34 954] lgi        299  lgi  lgi_  268436457  1537256992  
[2019/11/07 20:37:34 954] lgi        335  lgi params:  appid = 5dbac4db,work_dir = .  
[2019/11/07 20:37:34 954] lgi        349  auth_time_str=  2019/11/07 20:37:34  
[2019/11/07 20:37:34 954] lgi        355  auth_appid=  5dbac4db  
[2019/11/07 20:37:34 954] lgi        380  lgi ivwnet_querying  
[2019/11/07 20:37:34 954] lgi        395  token:  nil  
[2019/11/07 20:37:34 954] lgi        468  msc cver : 5.0.41.1218  
[2019/11/07 20:37:34 954] lgi        511  ns_enable=  1  
[2019/11/07 20:37:34 954] lgi        523  prot_ver=1  
[2019/11/07 20:37:34 954] lgi        534  prot_type=tcp  
[2019/11/07 20:37:34 955] lgi        685  SYS_MSG_UNLOAD  go bg!  
[2019/11/07 20:42:29 655] lgi        689  SYS_MSG_SHUTDOWN  
============================================================
Time  2019/11/07 20:44:39 787 
============================================================
[2019/11/07 20:44:39 787] lgi        676  SYS_MSG_LOAD  
[2019/11/07 20:44:39 788] lgi        698  SYS_MSG_REGCB  msp_status_cb  func(20013ac0) 
[2019/11/07 20:44:39 788] lgi        292  LGI_MSG_INIT  
[2019/11/07 20:44:39 788] lgi        299  lgi  lgi_  268436457  1537256992  
[2019/11/07 20:44:39 788] lgi        335  lgi params:  appid = 5dbac4db,work_dir = .  
[2019/11/07 20:44:39 788] lgi        349  auth_time_str=  2019/11/07 20:44:39  
[2019/11/07 20:44:39 788] lgi        355  auth_appid=  5dbac4db  
[2019/11/07 20:44:39 788] lgi        380  lgi ivwnet_querying  
[2019/11/07 20:44:39 788] lgi        395  token:  nil  
[2019/11/07 20:44:39 788] lgi        468  msc cver : 5.0.41.1218  
[2019/11/07 20:44:39 788] lgi        511  ns_enable=  1  
[2019/11/07 20:44:39 788] lgi        523  prot_ver=1  
[2019/11/07 20:44:39 788] lgi        534  prot_type=tcp  
[2019/11/07 20:44:39 788] lgi        685  SYS_MSG_UNLOAD  go bg!  
[2019/11/07 20:45:14 232] lgi        689  SYS_MSG_SHUTDOWN  
============================================================
Time  2019/11/07 20:45:17 493 
============================================================
[2019/11/07 20:45:17 493] lgi        676  SYS_MSG_LOAD  
[2019/11/07 20:45:17 493] lgi        698  SYS_MSG_REGCB  msp_status_cb  func(48013aa0) 
[2019/11/07 20:45:17 493] lgi        292  LGI_MSG_INIT  
[2019/11/07 20:45:17 493] lgi        299  lgi  lgi_  268436457  1537256992  
[2019/11/07 20:45:17 493] lgi        335  lgi params:  appid = 5dbac4db,work_dir = .  
[2019/11/07 20:45:17 493] lgi        349  auth_time_str=  2019/11/07 20:45:17  
[2019/11/07 20:45:17 493] lgi        355  auth_appid=  5dbac4db  
[2019/11/07 20:45:17 493] lgi        380  lgi ivwnet_querying  
[2019/11/07 20:45:17 493] lgi        395  token:  nil  
[2019/11/07 20:45:17 493] lgi        468  msc cver : 5.0.41.1218  
[2019/11/07 20:45:17 494] lgi        511  ns_enable=  1  
[2019/11/07 20:45:17 494] lgi        523  prot_ver=1  
[2019/11/07 20:45:17 494] lgi        534  prot_type=tcp  
[2019/11/07 20:45:17 494] lgi        685  SYS_MSG_UNLOAD  go bg!  
[2019/11/07 20:45:51 199] lgi        689  SYS_MSG_SHUTDOWN  
